<?xml version="1.0" encoding="UTF-8"?>
<coverage generated="1722444973369" clover="3.2.0">
  <project timestamp="1722444973369" name="All files">
    <metrics statements="233" coveredstatements="184" conditionals="140" coveredconditionals="90" methods="73" coveredmethods="54" elements="446" coveredelements="328" complexity="0" loc="233" ncloc="233" packages="12" files="30" classes="30"/>
    <package name="src">
      <metrics statements="1" coveredstatements="0" conditionals="0" coveredconditionals="0" methods="0" coveredmethods="0"/>
      <file name="main.tsx" path="C:/Users/loic_/OneDrive/Documents/Web dev/Opc React/OPC_REACT_P14/hrnet-react/src/main.tsx">
        <metrics statements="1" coveredstatements="0" conditionals="0" coveredconditionals="0" methods="0" coveredmethods="0"/>
        <line num="23" count="0" type="stmt"/>
      </file>
    </package>
    <package name="src.components.UI.atoms">
      <metrics statements="20" coveredstatements="18" conditionals="21" coveredconditionals="12" methods="5" coveredmethods="4"/>
      <file name="Button.tsx" path="C:/Users/loic_/OneDrive/Documents/Web dev/Opc React/OPC_REACT_P14/hrnet-react/src/components/UI/atoms/Button.tsx">
        <metrics statements="6" coveredstatements="6" conditionals="7" coveredconditionals="6" methods="1" coveredmethods="1"/>
        <line num="15" count="2" type="stmt"/>
        <line num="28" count="97" type="stmt"/>
        <line num="29" count="97" type="cond" truecount="2" falsecount="0"/>
        <line num="32" count="97" type="stmt"/>
        <line num="33" count="97" type="stmt"/>
        <line num="35" count="97" type="stmt"/>
      </file>
      <file name="Input.tsx" path="C:/Users/loic_/OneDrive/Documents/Web dev/Opc React/OPC_REACT_P14/hrnet-react/src/components/UI/atoms/Input.tsx">
        <metrics statements="5" coveredstatements="5" conditionals="4" coveredconditionals="3" methods="1" coveredmethods="1"/>
        <line num="13" count="3" type="stmt"/>
        <line num="22" count="468" type="stmt"/>
        <line num="23" count="468" type="cond" truecount="1" falsecount="1"/>
        <line num="24" count="468" type="stmt"/>
        <line num="26" count="468" type="stmt"/>
      </file>
      <file name="Label.tsx" path="C:/Users/loic_/OneDrive/Documents/Web dev/Opc React/OPC_REACT_P14/hrnet-react/src/components/UI/atoms/Label.tsx">
        <metrics statements="3" coveredstatements="3" conditionals="0" coveredconditionals="0" methods="1" coveredmethods="1"/>
        <line num="15" count="2" type="stmt"/>
        <line num="17" count="789" type="stmt"/>
        <line num="18" count="789" type="stmt"/>
      </file>
      <file name="ThemeToggle.tsx" path="C:/Users/loic_/OneDrive/Documents/Web dev/Opc React/OPC_REACT_P14/hrnet-react/src/components/UI/atoms/ThemeToggle.tsx">
        <metrics statements="6" coveredstatements="4" conditionals="10" coveredconditionals="3" methods="2" coveredmethods="1"/>
        <line num="12" count="2" type="stmt"/>
        <line num="13" count="3" type="stmt"/>
        <line num="16" count="3" type="stmt"/>
        <line num="17" count="0" type="cond" truecount="0" falsecount="4"/>
        <line num="18" count="0" type="stmt"/>
        <line num="22" count="3" type="stmt"/>
      </file>
    </package>
    <package name="src.components.UI.molecules">
      <metrics statements="28" coveredstatements="25" conditionals="36" coveredconditionals="27" methods="5" coveredmethods="5"/>
      <file name="FormField.tsx" path="C:/Users/loic_/OneDrive/Documents/Web dev/Opc React/OPC_REACT_P14/hrnet-react/src/components/UI/molecules/FormField.tsx">
        <metrics statements="28" coveredstatements="25" conditionals="36" coveredconditionals="27" methods="5" coveredmethods="5"/>
        <line num="12" count="2" type="stmt"/>
        <line num="26" count="470" type="stmt"/>
        <line num="27" count="470" type="stmt"/>
        <line num="31" count="470" type="stmt"/>
        <line num="32" count="57" type="stmt"/>
        <line num="36" count="470" type="stmt"/>
        <line num="37" count="84" type="cond" truecount="4" falsecount="0"/>
        <line num="38" count="4" type="stmt"/>
        <line num="39" count="80" type="cond" truecount="2" falsecount="0"/>
        <line num="44" count="8" type="stmt"/>
        <line num="45" count="72" type="cond" truecount="2" falsecount="2"/>
        <line num="46" count="0" type="stmt"/>
        <line num="47" count="72" type="cond" truecount="2" falsecount="2"/>
        <line num="48" count="0" type="stmt"/>
        <line num="50" count="72" type="stmt"/>
        <line num="54" count="470" type="stmt"/>
        <line num="55" count="16" type="cond" truecount="1" falsecount="1"/>
        <line num="56" count="16" type="cond" truecount="2" falsecount="0"/>
        <line num="57" count="16" type="stmt"/>
        <line num="59" count="16" type="cond" truecount="1" falsecount="1"/>
        <line num="60" count="0" type="stmt"/>
        <line num="65" count="470" type="stmt"/>
        <line num="66" count="68" type="stmt"/>
        <line num="67" count="68" type="stmt"/>
        <line num="68" count="68" type="cond" truecount="1" falsecount="1"/>
        <line num="69" count="68" type="stmt"/>
        <line num="70" count="68" type="stmt"/>
        <line num="74" count="470" type="stmt"/>
      </file>
    </package>
    <package name="src.components.UI.organisms">
      <metrics statements="69" coveredstatements="56" conditionals="36" coveredconditionals="26" methods="30" coveredmethods="25"/>
      <file name="EmployeeForm.tsx" path="C:/Users/loic_/OneDrive/Documents/Web dev/Opc React/OPC_REACT_P14/hrnet-react/src/components/UI/organisms/EmployeeForm.tsx">
        <metrics statements="36" coveredstatements="32" conditionals="18" coveredconditionals="10" methods="16" coveredmethods="16"/>
        <line num="17" count="2" type="stmt"/>
        <line num="18" count="87" type="stmt"/>
        <line num="19" count="86" type="cond" truecount="1" falsecount="1"/>
        <line num="20" count="0" type="stmt"/>
        <line num="22" count="86" type="stmt"/>
        <line num="23" count="86" type="stmt"/>
        <line num="25" count="86" type="stmt"/>
        <line num="37" count="86" type="stmt"/>
        <line num="40" count="86" type="stmt"/>
        <line num="41" count="76" type="stmt"/>
        <line num="45" count="76" type="stmt"/>
        <line num="52" count="86" type="stmt"/>
        <line num="53" count="1" type="stmt"/>
        <line num="54" count="1" type="stmt"/>
        <line num="55" count="1" type="cond" truecount="1" falsecount="1"/>
        <line num="56" count="0" type="stmt"/>
        <line num="57" count="0" type="stmt"/>
        <line num="61" count="0" type="stmt"/>
        <line num="63" count="1" type="stmt"/>
        <line num="64" count="1" type="stmt"/>
        <line num="65" count="1" type="stmt"/>
        <line num="70" count="86" type="stmt"/>
        <line num="71" count="1" type="stmt"/>
        <line num="82" count="1" type="stmt"/>
        <line num="85" count="86" type="stmt"/>
        <line num="109" count="86" type="stmt"/>
        <line num="124" count="16" type="stmt"/>
        <line num="137" count="6" type="stmt"/>
        <line num="156" count="2" type="cond" truecount="1" falsecount="1"/>
        <line num="176" count="2" type="cond" truecount="1" falsecount="1"/>
        <line num="195" count="2" type="stmt"/>
        <line num="206" count="258" type="stmt"/>
        <line num="213" count="46" type="stmt"/>
        <line num="234" count="2" type="stmt"/>
        <line num="258" count="414" type="cond" truecount="2" falsecount="0"/>
        <line num="259" count="27" type="stmt"/>
      </file>
      <file name="EmployeeTable.tsx" path="C:/Users/loic_/OneDrive/Documents/Web dev/Opc React/OPC_REACT_P14/hrnet-react/src/components/UI/organisms/EmployeeTable.tsx">
        <metrics statements="29" coveredstatements="21" conditionals="18" coveredconditionals="16" methods="12" coveredmethods="8"/>
        <line num="29" count="3" type="stmt"/>
        <line num="41" count="3" type="stmt"/>
        <line num="54" count="3" type="stmt"/>
        <line num="64" count="23" type="stmt"/>
        <line num="66" count="23" type="stmt"/>
        <line num="67" count="23" type="cond" truecount="1" falsecount="1"/>
        <line num="78" count="23" type="stmt"/>
        <line num="80" count="23" type="stmt"/>
        <line num="82" count="23" type="stmt"/>
        <line num="87" count="23" type="stmt"/>
        <line num="89" count="207" type="cond" truecount="1" falsecount="1"/>
        <line num="90" count="0" type="stmt"/>
        <line num="92" count="207" type="cond" truecount="2" falsecount="0"/>
        <line num="93" count="23" type="cond" truecount="2" falsecount="0"/>
        <line num="99" count="184" type="stmt"/>
        <line num="102" count="23" type="stmt"/>
        <line num="109" count="0" type="stmt"/>
        <line num="120" count="5" type="stmt"/>
        <line num="129" count="207" type="stmt"/>
        <line num="132" count="2" type="stmt"/>
        <line num="145" count="117" type="stmt"/>
        <line num="154" count="1053" type="stmt"/>
        <line num="190" count="0" type="stmt"/>
        <line num="191" count="0" type="stmt"/>
        <line num="201" count="62" type="stmt"/>
        <line num="207" count="0" type="stmt"/>
        <line num="208" count="0" type="stmt"/>
        <line num="220" count="0" type="stmt"/>
        <line num="221" count="0" type="stmt"/>
      </file>
      <file name="Footer.tsx" path="C:/Users/loic_/OneDrive/Documents/Web dev/Opc React/OPC_REACT_P14/hrnet-react/src/components/UI/organisms/Footer.tsx">
        <metrics statements="2" coveredstatements="1" conditionals="0" coveredconditionals="0" methods="1" coveredmethods="0"/>
        <line num="8" count="2" type="stmt"/>
        <line num="9" count="0" type="stmt"/>
      </file>
      <file name="Header.tsx" path="C:/Users/loic_/OneDrive/Documents/Web dev/Opc React/OPC_REACT_P14/hrnet-react/src/components/UI/organisms/Header.tsx">
        <metrics statements="2" coveredstatements="2" conditionals="0" coveredconditionals="0" methods="1" coveredmethods="1"/>
        <line num="11" count="2" type="stmt"/>
        <line num="12" count="3" type="stmt"/>
      </file>
    </package>
    <package name="src.components.templates">
      <metrics statements="6" coveredstatements="3" conditionals="0" coveredconditionals="0" methods="3" coveredmethods="0"/>
      <file name="CreateEmployeeTemplate.tsx" path="C:/Users/loic_/OneDrive/Documents/Web dev/Opc React/OPC_REACT_P14/hrnet-react/src/components/templates/CreateEmployeeTemplate.tsx">
        <metrics statements="2" coveredstatements="1" conditionals="0" coveredconditionals="0" methods="1" coveredmethods="0"/>
        <line num="16" count="2" type="stmt"/>
        <line num="17" count="0" type="stmt"/>
      </file>
      <file name="EmployeeListTemplate.tsx" path="C:/Users/loic_/OneDrive/Documents/Web dev/Opc React/OPC_REACT_P14/hrnet-react/src/components/templates/EmployeeListTemplate.tsx">
        <metrics statements="2" coveredstatements="1" conditionals="0" coveredconditionals="0" methods="1" coveredmethods="0"/>
        <line num="27" count="2" type="stmt"/>
        <line num="30" count="0" type="stmt"/>
      </file>
      <file name="GeneralTemplate.tsx" path="C:/Users/loic_/OneDrive/Documents/Web dev/Opc React/OPC_REACT_P14/hrnet-react/src/components/templates/GeneralTemplate.tsx">
        <metrics statements="2" coveredstatements="1" conditionals="0" coveredconditionals="0" methods="1" coveredmethods="0"/>
        <line num="28" count="2" type="stmt"/>
        <line num="30" count="0" type="stmt"/>
      </file>
    </package>
    <package name="src.config">
      <metrics statements="5" coveredstatements="5" conditionals="2" coveredconditionals="1" methods="1" coveredmethods="1"/>
      <file name="fieldRules.ts" path="C:/Users/loic_/OneDrive/Documents/Web dev/Opc React/OPC_REACT_P14/hrnet-react/src/config/fieldRules.ts">
        <metrics statements="5" coveredstatements="5" conditionals="2" coveredconditionals="1" methods="1" coveredmethods="1"/>
        <line num="18" count="2" type="stmt"/>
        <line num="41" count="1" type="stmt"/>
        <line num="42" count="1" type="stmt"/>
        <line num="43" count="1" type="stmt"/>
        <line num="44" count="1" type="cond" truecount="1" falsecount="1"/>
      </file>
    </package>
    <package name="src.context">
      <metrics statements="2" coveredstatements="2" conditionals="0" coveredconditionals="0" methods="0" coveredmethods="0"/>
      <file name="EmployeeContext.tsx" path="C:/Users/loic_/OneDrive/Documents/Web dev/Opc React/OPC_REACT_P14/hrnet-react/src/context/EmployeeContext.tsx">
        <metrics statements="1" coveredstatements="1" conditionals="0" coveredconditionals="0" methods="0" coveredmethods="0"/>
        <line num="23" count="3" type="stmt"/>
      </file>
      <file name="ThemeContext.tsx" path="C:/Users/loic_/OneDrive/Documents/Web dev/Opc React/OPC_REACT_P14/hrnet-react/src/context/ThemeContext.tsx">
        <metrics statements="1" coveredstatements="1" conditionals="0" coveredconditionals="0" methods="0" coveredmethods="0"/>
        <line num="23" count="2" type="stmt"/>
      </file>
    </package>
    <package name="src.hooks">
      <metrics statements="35" coveredstatements="28" conditionals="10" coveredconditionals="4" methods="9" coveredmethods="5"/>
      <file name="usePagination.ts" path="C:/Users/loic_/OneDrive/Documents/Web dev/Opc React/OPC_REACT_P14/hrnet-react/src/hooks/usePagination.ts">
        <metrics statements="18" coveredstatements="12" conditionals="6" coveredconditionals="2" methods="5" coveredmethods="2"/>
        <line num="18" count="3" type="stmt"/>
        <line num="23" count="23" type="stmt"/>
        <line num="24" count="23" type="stmt"/>
        <line num="27" count="23" type="stmt"/>
        <line num="30" count="23" type="stmt"/>
        <line num="31" count="23" type="stmt"/>
        <line num="34" count="23" type="stmt"/>
        <line num="35" count="12" type="stmt"/>
        <line num="39" count="23" type="stmt"/>
        <line num="40" count="0" type="cond" truecount="0" falsecount="2"/>
        <line num="41" count="0" type="stmt"/>
        <line num="46" count="23" type="stmt"/>
        <line num="47" count="0" type="cond" truecount="0" falsecount="2"/>
        <line num="48" count="0" type="stmt"/>
        <line num="53" count="23" type="stmt"/>
        <line num="54" count="0" type="stmt"/>
        <line num="55" count="0" type="stmt"/>
        <line num="58" count="23" type="stmt"/>
      </file>
      <file name="useSearchAndSort.ts" path="C:/Users/loic_/OneDrive/Documents/Web dev/Opc React/OPC_REACT_P14/hrnet-react/src/hooks/useSearchAndSort.ts">
        <metrics statements="12" coveredstatements="12" conditionals="2" coveredconditionals="1" methods="3" coveredmethods="2"/>
        <line num="14" count="3" type="stmt"/>
        <line num="15" count="23" type="stmt"/>
        <line num="16" count="23" type="stmt"/>
        <line num="19" count="23" type="stmt"/>
        <line num="24" count="23" type="stmt"/>
        <line num="26" count="23" type="stmt"/>
        <line num="27" count="12" type="cond" truecount="1" falsecount="1"/>
        <line num="29" count="12" type="stmt"/>
        <line num="30" count="12" type="stmt"/>
        <line num="31" count="12" type="stmt"/>
        <line num="32" count="12" type="stmt"/>
        <line num="36" count="23" type="stmt"/>
      </file>
      <file name="useTheme.ts" path="C:/Users/loic_/OneDrive/Documents/Web dev/Opc React/OPC_REACT_P14/hrnet-react/src/hooks/useTheme.ts">
        <metrics statements="5" coveredstatements="4" conditionals="2" coveredconditionals="1" methods="1" coveredmethods="1"/>
        <line num="13" count="2" type="stmt"/>
        <line num="14" count="3" type="stmt"/>
        <line num="15" count="3" type="cond" truecount="1" falsecount="1"/>
        <line num="17" count="0" type="stmt"/>
        <line num="19" count="3" type="stmt"/>
      </file>
    </package>
    <package name="src.pages">
      <metrics statements="4" coveredstatements="0" conditionals="2" coveredconditionals="0" methods="2" coveredmethods="0"/>
      <file name="EmployeeListPage.tsx" path="C:/Users/loic_/OneDrive/Documents/Web dev/Opc React/OPC_REACT_P14/hrnet-react/src/pages/EmployeeListPage.tsx">
        <metrics statements="3" coveredstatements="0" conditionals="2" coveredconditionals="0" methods="1" coveredmethods="0"/>
        <line num="22" count="0" type="stmt"/>
        <line num="23" count="0" type="stmt"/>
        <line num="24" count="0" type="cond" truecount="0" falsecount="2"/>
      </file>
      <file name="HomePage.tsx" path="C:/Users/loic_/OneDrive/Documents/Web dev/Opc React/OPC_REACT_P14/hrnet-react/src/pages/HomePage.tsx">
        <metrics statements="1" coveredstatements="0" conditionals="0" coveredconditionals="0" methods="1" coveredmethods="0"/>
        <line num="19" count="0" type="stmt"/>
      </file>
    </package>
    <package name="src.provider">
      <metrics statements="23" coveredstatements="15" conditionals="6" coveredconditionals="3" methods="7" coveredmethods="5"/>
      <file name="EmployeeProvider.tsx" path="C:/Users/loic_/OneDrive/Documents/Web dev/Opc React/OPC_REACT_P14/hrnet-react/src/provider/EmployeeProvider.tsx">
        <metrics statements="9" coveredstatements="8" conditionals="2" coveredconditionals="2" methods="4" coveredmethods="3"/>
        <line num="15" count="2" type="stmt"/>
        <line num="18" count="12" type="stmt"/>
        <line num="20" count="12" type="stmt"/>
        <line num="21" count="12" type="cond" truecount="2" falsecount="0"/>
        <line num="24" count="12" type="stmt"/>
        <line num="26" count="12" type="stmt"/>
        <line num="29" count="12" type="stmt"/>
        <line num="31" count="0" type="stmt"/>
        <line num="34" count="12" type="stmt"/>
      </file>
      <file name="ThemeProvider.tsx" path="C:/Users/loic_/OneDrive/Documents/Web dev/Opc React/OPC_REACT_P14/hrnet-react/src/provider/ThemeProvider.tsx">
        <metrics statements="14" coveredstatements="7" conditionals="4" coveredconditionals="1" methods="3" coveredmethods="2"/>
        <line num="17" count="1" type="stmt"/>
        <line num="18" count="3" type="stmt"/>
        <line num="20" count="3" type="stmt"/>
        <line num="22" count="3" type="stmt"/>
        <line num="23" count="3" type="cond" truecount="1" falsecount="1"/>
        <line num="24" count="0" type="stmt"/>
        <line num="25" count="0" type="stmt"/>
        <line num="29" count="3" type="stmt"/>
        <line num="31" count="0" type="cond" truecount="0" falsecount="2"/>
        <line num="32" count="0" type="stmt"/>
        <line num="33" count="0" type="stmt"/>
        <line num="34" count="0" type="stmt"/>
        <line num="35" count="0" type="stmt"/>
        <line num="38" count="3" type="stmt"/>
      </file>
    </package>
    <package name="src.styles">
      <metrics statements="2" coveredstatements="2" conditionals="0" coveredconditionals="0" methods="0" coveredmethods="0"/>
      <file name="buttonStyles.ts" path="C:/Users/loic_/OneDrive/Documents/Web dev/Opc React/OPC_REACT_P14/hrnet-react/src/styles/buttonStyles.ts">
        <metrics statements="1" coveredstatements="1" conditionals="0" coveredconditionals="0" methods="0" coveredmethods="0"/>
        <line num="1" count="2" type="stmt"/>
      </file>
      <file name="inputStyles.ts" path="C:/Users/loic_/OneDrive/Documents/Web dev/Opc React/OPC_REACT_P14/hrnet-react/src/styles/inputStyles.ts">
        <metrics statements="1" coveredstatements="1" conditionals="0" coveredconditionals="0" methods="0" coveredmethods="0"/>
        <line num="1" count="3" type="stmt"/>
      </file>
    </package>
    <package name="src.utils">
      <metrics statements="38" coveredstatements="30" conditionals="27" coveredconditionals="17" methods="11" coveredmethods="9"/>
      <file name="departmentOptions.ts" path="C:/Users/loic_/OneDrive/Documents/Web dev/Opc React/OPC_REACT_P14/hrnet-react/src/utils/departmentOptions.ts">
        <metrics statements="1" coveredstatements="1" conditionals="0" coveredconditionals="0" methods="0" coveredmethods="0"/>
        <line num="10" count="2" type="stmt"/>
      </file>
      <file name="filterAndSortEmployees.ts" path="C:/Users/loic_/OneDrive/Documents/Web dev/Opc React/OPC_REACT_P14/hrnet-react/src/utils/filterAndSortEmployees.ts">
        <metrics statements="11" coveredstatements="10" conditionals="8" coveredconditionals="5" methods="5" coveredmethods="5"/>
        <line num="10" count="3" type="stmt"/>
        <line num="14" count="12" type="stmt"/>
        <line num="15" count="600" type="stmt"/>
        <line num="16" count="2210" type="stmt"/>
        <line num="28" count="3" type="stmt"/>
        <line num="32" count="12" type="stmt"/>
        <line num="33" count="567" type="cond" truecount="1" falsecount="1"/>
        <line num="34" count="0" type="cond" truecount="0" falsecount="2"/>
        <line num="36" count="567" type="cond" truecount="2" falsecount="0"/>
        <line num="37" count="232" type="cond" truecount="2" falsecount="0"/>
        <line num="39" count="335" type="stmt"/>
      </file>
      <file name="formValidation.ts" path="C:/Users/loic_/OneDrive/Documents/Web dev/Opc React/OPC_REACT_P14/hrnet-react/src/utils/formValidation.ts">
        <metrics statements="16" coveredstatements="11" conditionals="10" coveredconditionals="7" methods="3" coveredmethods="3"/>
        <line num="16" count="1" type="stmt"/>
        <line num="19" count="1" type="stmt"/>
        <line num="20" count="9" type="stmt"/>
        <line num="21" count="9" type="stmt"/>
        <line num="23" count="9" type="cond" truecount="1" falsecount="2"/>
        <line num="26" count="0" type="stmt"/>
        <line num="27" count="0" type="stmt"/>
        <line num="33" count="0" type="stmt"/>
        <line num="34" count="0" type="stmt"/>
        <line num="38" count="1" type="stmt"/>
        <line num="39" count="1" type="stmt"/>
        <line num="40" count="1" type="stmt"/>
        <line num="41" count="1" type="cond" truecount="1" falsecount="1"/>
        <line num="42" count="0" type="stmt"/>
        <line num="45" count="1" type="stmt"/>
        <line num="49" count="1" type="stmt"/>
      </file>
      <file name="sortUtils.ts" path="C:/Users/loic_/OneDrive/Documents/Web dev/Opc React/OPC_REACT_P14/hrnet-react/src/utils/sortUtils.ts">
        <metrics statements="9" coveredstatements="7" conditionals="9" coveredconditionals="5" methods="3" coveredmethods="1"/>
        <line num="10" count="3" type="stmt"/>
        <line num="17" count="2" type="stmt"/>
        <line num="18" count="2" type="cond" truecount="2" falsecount="0"/>
        <line num="23" count="1" type="stmt"/>
        <line num="25" count="2" type="stmt"/>
        <line num="35" count="3" type="stmt"/>
        <line num="39" count="0" type="cond" truecount="0" falsecount="2"/>
        <line num="49" count="3" type="stmt"/>
        <line num="53" count="0" type="cond" truecount="0" falsecount="2"/>
      </file>
      <file name="states.ts" path="C:/Users/loic_/OneDrive/Documents/Web dev/Opc React/OPC_REACT_P14/hrnet-react/src/utils/states.ts">
        <metrics statements="1" coveredstatements="1" conditionals="0" coveredconditionals="0" methods="0" coveredmethods="0"/>
        <line num="7" count="2" type="stmt"/>
      </file>
    </package>
  </project>
</coverage>
