{"C:/Users/loic_/OneDrive/Documents/Web dev/Opc React/OPC_REACT_P14/hrnet-react/src/main.tsx": {"path":"C:/Users/loic_/OneDrive/Documents/Web dev/Opc React/OPC_REACT_P14/hrnet-react/src/main.tsx","statementMap":{"0":{"start":{"line":23,"column":15},"end":{"line":36,"column":null}}},"fnMap":{},"branchMap":{},"s":{"0":0},"f":{},"b":{}}
,"C:/Users/loic_/OneDrive/Documents/Web dev/Opc React/OPC_REACT_P14/hrnet-react/src/components/UI/atoms/Button.tsx": {"path":"C:/Users/loic_/OneDrive/Documents/Web dev/Opc React/OPC_REACT_P14/hrnet-react/src/components/UI/atoms/Button.tsx","statementMap":{"0":{"start":{"line":15,"column":4},"end":{"line":46,"column":null}},"1":{"start":{"line":28,"column":21},"end":{"line":28,"column":45}},"2":{"start":{"line":29,"column":23},"end":{"line":31,"column":33}},"3":{"start":{"line":32,"column":20},"end":{"line":32,"column":42}},"4":{"start":{"line":33,"column":26},"end":{"line":33,"column":null}},"5":{"start":{"line":35,"column":2},"end":{"line":36,"column":4}}},"fnMap":{"0":{"name":"(anonymous_0)","decl":{"start":{"line":16,"column":1},"end":{"line":16,"column":2}},"loc":{"start":{"line":26,"column":1},"end":{"line":46,"column":null}}}},"branchMap":{"0":{"loc":{"start":{"line":17,"column":2},"end":{"line":17,"column":null}},"type":"default-arg","locations":[{"start":{"line":17,"column":9},"end":{"line":17,"column":null}}]},"1":{"loc":{"start":{"line":18,"column":2},"end":{"line":18,"column":null}},"type":"default-arg","locations":[{"start":{"line":18,"column":10},"end":{"line":18,"column":null}}]},"2":{"loc":{"start":{"line":19,"column":2},"end":{"line":19,"column":null}},"type":"default-arg","locations":[{"start":{"line":19,"column":12},"end":{"line":19,"column":null}}]},"3":{"loc":{"start":{"line":20,"column":2},"end":{"line":20,"column":null}},"type":"default-arg","locations":[{"start":{"line":20,"column":9},"end":{"line":20,"column":null}}]},"4":{"loc":{"start":{"line":21,"column":2},"end":{"line":21,"column":null}},"type":"default-arg","locations":[{"start":{"line":21,"column":13},"end":{"line":21,"column":null}}]},"5":{"loc":{"start":{"line":29,"column":23},"end":{"line":31,"column":33}},"type":"cond-expr","locations":[{"start":{"line":30,"column":5},"end":{"line":30,"column":null}},{"start":{"line":31,"column":5},"end":{"line":31,"column":33}}]}},"s":{"0":2,"1":97,"2":97,"3":97,"4":97,"5":97},"f":{"0":97},"b":{"0":[0],"1":[11],"2":[11],"3":[97],"4":[86],"5":[9,88]}}
,"C:/Users/loic_/OneDrive/Documents/Web dev/Opc React/OPC_REACT_P14/hrnet-react/src/components/UI/atoms/Input.tsx": {"path":"C:/Users/loic_/OneDrive/Documents/Web dev/Opc React/OPC_REACT_P14/hrnet-react/src/components/UI/atoms/Input.tsx","statementMap":{"0":{"start":{"line":13,"column":36},"end":{"line":35,"column":null}},"1":{"start":{"line":22,"column":21},"end":{"line":22,"column":44}},"2":{"start":{"line":23,"column":20},"end":{"line":23,"column":null}},"3":{"start":{"line":24,"column":20},"end":{"line":24,"column":null}},"4":{"start":{"line":26,"column":2},"end":{"line":27,"column":4}}},"fnMap":{"0":{"name":"(anonymous_0)","decl":{"start":{"line":14,"column":1},"end":{"line":14,"column":2}},"loc":{"start":{"line":20,"column":1},"end":{"line":35,"column":null}}}},"branchMap":{"0":{"loc":{"start":{"line":15,"column":2},"end":{"line":15,"column":null}},"type":"default-arg","locations":[{"start":{"line":15,"column":10},"end":{"line":15,"column":null}}]},"1":{"loc":{"start":{"line":16,"column":2},"end":{"line":16,"column":null}},"type":"default-arg","locations":[{"start":{"line":16,"column":9},"end":{"line":16,"column":null}}]},"2":{"loc":{"start":{"line":23,"column":20},"end":{"line":23,"column":null}},"type":"binary-expr","locations":[{"start":{"line":23,"column":20},"end":{"line":23,"column":41}},{"start":{"line":23,"column":46},"end":{"line":23,"column":null}}]}},"s":{"0":3,"1":468,"2":468,"3":468,"4":468},"f":{"0":468},"b":{"0":[23],"1":[23],"2":[468,0]}}
,"C:/Users/loic_/OneDrive/Documents/Web dev/Opc React/OPC_REACT_P14/hrnet-react/src/components/UI/atoms/Label.tsx": {"path":"C:/Users/loic_/OneDrive/Documents/Web dev/Opc React/OPC_REACT_P14/hrnet-react/src/components/UI/atoms/Label.tsx","statementMap":{"0":{"start":{"line":15,"column":36},"end":{"line":23,"column":null}},"1":{"start":{"line":17,"column":19},"end":{"line":17,"column":null}},"2":{"start":{"line":18,"column":1},"end":{"line":21,"column":null}}},"fnMap":{"0":{"name":"(anonymous_0)","decl":{"start":{"line":15,"column":36},"end":{"line":15,"column":37}},"loc":{"start":{"line":15,"column":68},"end":{"line":23,"column":null}}}},"branchMap":{},"s":{"0":2,"1":789,"2":789},"f":{"0":789},"b":{}}
,"C:/Users/loic_/OneDrive/Documents/Web dev/Opc React/OPC_REACT_P14/hrnet-react/src/components/UI/atoms/ThemeToggle.tsx": {"path":"C:/Users/loic_/OneDrive/Documents/Web dev/Opc React/OPC_REACT_P14/hrnet-react/src/components/UI/atoms/ThemeToggle.tsx","statementMap":{"0":{"start":{"line":12,"column":30},"end":{"line":48,"column":null}},"1":{"start":{"line":13,"column":32},"end":{"line":13,"column":null}},"2":{"start":{"line":16,"column":24},"end":{"line":20,"column":null}},"3":{"start":{"line":17,"column":2},"end":{"line":19,"column":null}},"4":{"start":{"line":18,"column":3},"end":{"line":18,"column":null}},"5":{"start":{"line":22,"column":1},"end":{"line":46,"column":null}}},"fnMap":{"0":{"name":"(anonymous_0)","decl":{"start":{"line":12,"column":41},"end":{"line":12,"column":null}},"loc":{"start":{"line":12,"column":41},"end":{"line":48,"column":null}}},"1":{"name":"(anonymous_1)","decl":{"start":{"line":16,"column":24},"end":{"line":16,"column":25}},"loc":{"start":{"line":16,"column":25},"end":{"line":20,"column":null}}}},"branchMap":{"0":{"loc":{"start":{"line":17,"column":2},"end":{"line":19,"column":null}},"type":"if","locations":[{"start":{"line":17,"column":2},"end":{"line":19,"column":null}},{"start":{},"end":{}}]},"1":{"loc":{"start":{"line":17,"column":6},"end":{"line":17,"column":50}},"type":"binary-expr","locations":[{"start":{"line":17,"column":6},"end":{"line":17,"column":31}},{"start":{"line":17,"column":31},"end":{"line":17,"column":50}}]},"2":{"loc":{"start":{"line":35,"column":6},"end":{"line":35,"column":null}},"type":"cond-expr","locations":[{"start":{"line":35,"column":25},"end":{"line":35,"column":43}},{"start":{"line":35,"column":43},"end":{"line":35,"column":null}}]},"3":{"loc":{"start":{"line":39,"column":12},"end":{"line":39,"column":null}},"type":"cond-expr","locations":[{"start":{"line":39,"column":31},"end":{"line":39,"column":40}},{"start":{"line":39,"column":40},"end":{"line":39,"column":null}}]},"4":{"loc":{"start":{"line":41,"column":7},"end":{"line":41,"column":null}},"type":"cond-expr","locations":[{"start":{"line":41,"column":26},"end":{"line":41,"column":41}},{"start":{"line":41,"column":41},"end":{"line":41,"column":null}}]}},"s":{"0":2,"1":3,"2":3,"3":0,"4":0,"5":3},"f":{"0":3,"1":0},"b":{"0":[0,0],"1":[0,0],"2":[0,3],"3":[0,3],"4":[0,3]}}
,"C:/Users/loic_/OneDrive/Documents/Web dev/Opc React/OPC_REACT_P14/hrnet-react/src/components/UI/molecules/FormField.tsx": {"path":"C:/Users/loic_/OneDrive/Documents/Web dev/Opc React/OPC_REACT_P14/hrnet-react/src/components/UI/molecules/FormField.tsx","statementMap":{"0":{"start":{"line":12,"column":44},"end":{"line":104,"column":null}},"1":{"start":{"line":26,"column":37},"end":{"line":26,"column":null}},"2":{"start":{"line":27,"column":35},"end":{"line":28,"column":null}},"3":{"start":{"line":31,"column":1},"end":{"line":33,"column":null}},"4":{"start":{"line":32,"column":2},"end":{"line":32,"column":null}},"5":{"start":{"line":36,"column":23},"end":{"line":51,"column":null}},"6":{"start":{"line":37,"column":2},"end":{"line":49,"column":null}},"7":{"start":{"line":38,"column":3},"end":{"line":38,"column":null}},"8":{"start":{"line":39,"column":2},"end":{"line":49,"column":null}},"9":{"start":{"line":44,"column":3},"end":{"line":44,"column":null}},"10":{"start":{"line":45,"column":2},"end":{"line":49,"column":null}},"11":{"start":{"line":46,"column":3},"end":{"line":46,"column":null}},"12":{"start":{"line":47,"column":2},"end":{"line":49,"column":null}},"13":{"start":{"line":48,"column":3},"end":{"line":48,"column":null}},"14":{"start":{"line":50,"column":2},"end":{"line":50,"column":null}},"15":{"start":{"line":54,"column":20},"end":{"line":62,"column":null}},"16":{"start":{"line":55,"column":2},"end":{"line":58,"column":null}},"17":{"start":{"line":56,"column":17},"end":{"line":56,"column":null}},"18":{"start":{"line":57,"column":3},"end":{"line":57,"column":null}},"19":{"start":{"line":59,"column":2},"end":{"line":61,"column":null}},"20":{"start":{"line":60,"column":3},"end":{"line":60,"column":null}},"21":{"start":{"line":65,"column":22},"end":{"line":72,"column":null}},"22":{"start":{"line":66,"column":2},"end":{"line":66,"column":null}},"23":{"start":{"line":67,"column":19},"end":{"line":67,"column":null}},"24":{"start":{"line":68,"column":2},"end":{"line":71,"column":null}},"25":{"start":{"line":69,"column":17},"end":{"line":69,"column":null}},"26":{"start":{"line":70,"column":3},"end":{"line":70,"column":null}},"27":{"start":{"line":74,"column":1},"end":{"line":102,"column":null}}},"fnMap":{"0":{"name":"(anonymous_0)","decl":{"start":{"line":12,"column":44},"end":{"line":12,"column":45}},"loc":{"start":{"line":25,"column":0},"end":{"line":104,"column":null}}},"1":{"name":"(anonymous_1)","decl":{"start":{"line":31,"column":11},"end":{"line":31,"column":null}},"loc":{"start":{"line":31,"column":11},"end":{"line":33,"column":4}}},"2":{"name":"(anonymous_2)","decl":{"start":{"line":36,"column":23},"end":{"line":36,"column":24}},"loc":{"start":{"line":36,"column":39},"end":{"line":51,"column":null}}},"3":{"name":"(anonymous_3)","decl":{"start":{"line":54,"column":20},"end":{"line":54,"column":null}},"loc":{"start":{"line":54,"column":20},"end":{"line":62,"column":null}}},"4":{"name":"(anonymous_4)","decl":{"start":{"line":65,"column":22},"end":{"line":65,"column":23}},"loc":{"start":{"line":65,"column":23},"end":{"line":72,"column":null}}}},"branchMap":{"0":{"loc":{"start":{"line":15,"column":1},"end":{"line":15,"column":null}},"type":"default-arg","locations":[{"start":{"line":15,"column":8},"end":{"line":15,"column":null}}]},"1":{"loc":{"start":{"line":22,"column":1},"end":{"line":22,"column":null}},"type":"default-arg","locations":[{"start":{"line":22,"column":9},"end":{"line":22,"column":null}}]},"2":{"loc":{"start":{"line":23,"column":1},"end":{"line":23,"column":null}},"type":"default-arg","locations":[{"start":{"line":23,"column":8},"end":{"line":23,"column":null}}]},"3":{"loc":{"start":{"line":28,"column":2},"end":{"line":28,"column":null}},"type":"cond-expr","locations":[{"start":{"line":28,"column":20},"end":{"line":28,"column":29}},{"start":{"line":28,"column":29},"end":{"line":28,"column":null}}]},"4":{"loc":{"start":{"line":37,"column":2},"end":{"line":49,"column":null}},"type":"if","locations":[{"start":{"line":37,"column":2},"end":{"line":49,"column":null}},{"start":{"line":39,"column":2},"end":{"line":49,"column":null}}]},"5":{"loc":{"start":{"line":37,"column":6},"end":{"line":37,"column":33}},"type":"binary-expr","locations":[{"start":{"line":37,"column":6},"end":{"line":37,"column":25}},{"start":{"line":37,"column":25},"end":{"line":37,"column":33}}]},"6":{"loc":{"start":{"line":39,"column":2},"end":{"line":49,"column":null}},"type":"if","locations":[{"start":{"line":39,"column":2},"end":{"line":49,"column":null}},{"start":{"line":45,"column":2},"end":{"line":49,"column":null}}]},"7":{"loc":{"start":{"line":40,"column":3},"end":{"line":42,"column":null}},"type":"binary-expr","locations":[{"start":{"line":40,"column":3},"end":{"line":40,"column":null}},{"start":{"line":41,"column":3},"end":{"line":41,"column":null}},{"start":{"line":42,"column":3},"end":{"line":42,"column":null}}]},"8":{"loc":{"start":{"line":45,"column":2},"end":{"line":49,"column":null}},"type":"if","locations":[{"start":{"line":45,"column":2},"end":{"line":49,"column":null}},{"start":{"line":47,"column":2},"end":{"line":49,"column":null}}]},"9":{"loc":{"start":{"line":45,"column":13},"end":{"line":45,"column":69}},"type":"binary-expr","locations":[{"start":{"line":45,"column":13},"end":{"line":45,"column":39}},{"start":{"line":45,"column":39},"end":{"line":45,"column":69}}]},"10":{"loc":{"start":{"line":47,"column":2},"end":{"line":49,"column":null}},"type":"if","locations":[{"start":{"line":47,"column":2},"end":{"line":49,"column":null}},{"start":{},"end":{}}]},"11":{"loc":{"start":{"line":47,"column":13},"end":{"line":47,"column":67}},"type":"binary-expr","locations":[{"start":{"line":47,"column":13},"end":{"line":47,"column":37}},{"start":{"line":47,"column":37},"end":{"line":47,"column":67}}]},"12":{"loc":{"start":{"line":55,"column":2},"end":{"line":58,"column":null}},"type":"if","locations":[{"start":{"line":55,"column":2},"end":{"line":58,"column":null}},{"start":{},"end":{}}]},"13":{"loc":{"start":{"line":56,"column":31},"end":{"line":56,"column":56}},"type":"binary-expr","locations":[{"start":{"line":56,"column":31},"end":{"line":56,"column":52}},{"start":{"line":56,"column":52},"end":{"line":56,"column":56}}]},"14":{"loc":{"start":{"line":59,"column":2},"end":{"line":61,"column":null}},"type":"if","locations":[{"start":{"line":59,"column":2},"end":{"line":61,"column":null}},{"start":{},"end":{}}]},"15":{"loc":{"start":{"line":68,"column":2},"end":{"line":71,"column":null}},"type":"if","locations":[{"start":{"line":68,"column":2},"end":{"line":71,"column":null}},{"start":{},"end":{}}]},"16":{"loc":{"start":{"line":80,"column":6},"end":{"line":80,"column":null}},"type":"cond-expr","locations":[{"start":{"line":80,"column":19},"end":{"line":80,"column":40}},{"start":{"line":80,"column":40},"end":{"line":80,"column":null}}]},"17":{"loc":{"start":{"line":94,"column":12},"end":{"line":94,"column":null}},"type":"cond-expr","locations":[{"start":{"line":94,"column":25},"end":{"line":94,"column":35}},{"start":{"line":94,"column":35},"end":{"line":94,"column":null}}]},"18":{"loc":{"start":{"line":99,"column":4},"end":{"line":100,"column":null}},"type":"binary-expr","locations":[{"start":{"line":99,"column":4},"end":{"line":99,"column":null}},{"start":{"line":100,"column":4},"end":{"line":100,"column":null}}]}},"s":{"0":2,"1":470,"2":470,"3":470,"4":57,"5":470,"6":84,"7":4,"8":80,"9":8,"10":72,"11":0,"12":72,"13":0,"14":72,"15":470,"16":16,"17":16,"18":16,"19":16,"20":0,"21":470,"22":68,"23":68,"24":68,"25":68,"26":68,"27":470},"f":{"0":470,"1":57,"2":84,"3":16,"4":68},"b":{"0":[0],"1":[470],"2":[470],"3":[0,470],"4":[4,80],"5":[84,84],"6":[8,72],"7":[80,80,80],"8":[0,72],"9":[72,0],"10":[0,72],"11":[72,0],"12":[16,0],"13":[16,4],"14":[0,16],"15":[68,0],"16":[20,450],"17":[20,450],"18":[470,20]}}
,"C:/Users/loic_/OneDrive/Documents/Web dev/Opc React/OPC_REACT_P14/hrnet-react/src/components/UI/organisms/EmployeeForm.tsx": {"path":"C:/Users/loic_/OneDrive/Documents/Web dev/Opc React/OPC_REACT_P14/hrnet-react/src/components/UI/organisms/EmployeeForm.tsx","statementMap":{"0":{"start":{"line":17,"column":31},"end":{"line":268,"column":null}},"1":{"start":{"line":18,"column":17},"end":{"line":18,"column":null}},"2":{"start":{"line":19,"column":1},"end":{"line":21,"column":null}},"3":{"start":{"line":20,"column":2},"end":{"line":20,"column":null}},"4":{"start":{"line":22,"column":25},"end":{"line":22,"column":null}},"5":{"start":{"line":23,"column":19},"end":{"line":23,"column":null}},"6":{"start":{"line":25,"column":33},"end":{"line":35,"column":null}},"7":{"start":{"line":37,"column":29},"end":{"line":37,"column":null}},"8":{"start":{"line":40,"column":22},"end":{"line":49,"column":null}},"9":{"start":{"line":41,"column":2},"end":{"line":44,"column":null}},"10":{"start":{"line":41,"column":33},"end":{"line":44,"column":null}},"11":{"start":{"line":45,"column":2},"end":{"line":48,"column":null}},"12":{"start":{"line":45,"column":29},"end":{"line":48,"column":null}},"13":{"start":{"line":52,"column":22},"end":{"line":67,"column":null}},"14":{"start":{"line":53,"column":2},"end":{"line":53,"column":null}},"15":{"start":{"line":54,"column":20},"end":{"line":54,"column":null}},"16":{"start":{"line":55,"column":2},"end":{"line":66,"column":null}},"17":{"start":{"line":56,"column":3},"end":{"line":56,"column":null}},"18":{"start":{"line":57,"column":3},"end":{"line":60,"column":null}},"19":{"start":{"line":61,"column":3},"end":{"line":61,"column":null}},"20":{"start":{"line":63,"column":3},"end":{"line":63,"column":null}},"21":{"start":{"line":64,"column":3},"end":{"line":64,"column":null}},"22":{"start":{"line":65,"column":3},"end":{"line":65,"column":null}},"23":{"start":{"line":70,"column":21},"end":{"line":83,"column":null}},"24":{"start":{"line":71,"column":2},"end":{"line":81,"column":null}},"25":{"start":{"line":82,"column":2},"end":{"line":82,"column":null}},"26":{"start":{"line":85,"column":23},"end":{"line":107,"column":null}},"27":{"start":{"line":109,"column":1},"end":{"line":266,"column":null}},"28":{"start":{"line":124,"column":35},"end":{"line":124,"column":null}},"29":{"start":{"line":137,"column":35},"end":{"line":137,"column":null}},"30":{"start":{"line":156,"column":8},"end":{"line":156,"column":null}},"31":{"start":{"line":176,"column":8},"end":{"line":176,"column":null}},"32":{"start":{"line":195,"column":36},"end":{"line":195,"column":null}},"33":{"start":{"line":206,"column":7},"end":{"line":206,"column":8}},"34":{"start":{"line":213,"column":37},"end":{"line":213,"column":null}},"35":{"start":{"line":234,"column":37},"end":{"line":234,"column":null}},"36":{"start":{"line":258,"column":47},"end":{"line":258,"column":null}},"37":{"start":{"line":259,"column":45},"end":{"line":259,"column":null}}},"fnMap":{"0":{"name":"(anonymous_0)","decl":{"start":{"line":17,"column":31},"end":{"line":17,"column":null}},"loc":{"start":{"line":17,"column":31},"end":{"line":268,"column":null}}},"1":{"name":"(anonymous_1)","decl":{"start":{"line":40,"column":22},"end":{"line":40,"column":23}},"loc":{"start":{"line":40,"column":38},"end":{"line":49,"column":null}}},"2":{"name":"(anonymous_2)","decl":{"start":{"line":41,"column":14},"end":{"line":41,"column":15}},"loc":{"start":{"line":41,"column":33},"end":{"line":44,"column":null}}},"3":{"name":"(anonymous_3)","decl":{"start":{"line":45,"column":12},"end":{"line":45,"column":13}},"loc":{"start":{"line":45,"column":29},"end":{"line":48,"column":null}}},"4":{"name":"(anonymous_4)","decl":{"start":{"line":52,"column":22},"end":{"line":52,"column":23}},"loc":{"start":{"line":52,"column":23},"end":{"line":67,"column":null}}},"5":{"name":"(anonymous_5)","decl":{"start":{"line":70,"column":21},"end":{"line":70,"column":null}},"loc":{"start":{"line":70,"column":21},"end":{"line":83,"column":null}}},"6":{"name":"(anonymous_6)","decl":{"start":{"line":124,"column":16},"end":{"line":124,"column":17}},"loc":{"start":{"line":124,"column":35},"end":{"line":124,"column":null}}},"7":{"name":"(anonymous_7)","decl":{"start":{"line":137,"column":16},"end":{"line":137,"column":17}},"loc":{"start":{"line":137,"column":35},"end":{"line":137,"column":null}}},"8":{"name":"(anonymous_8)","decl":{"start":{"line":155,"column":17},"end":{"line":155,"column":18}},"loc":{"start":{"line":156,"column":8},"end":{"line":156,"column":null}}},"9":{"name":"(anonymous_9)","decl":{"start":{"line":175,"column":17},"end":{"line":175,"column":18}},"loc":{"start":{"line":176,"column":8},"end":{"line":176,"column":null}}},"10":{"name":"(anonymous_10)","decl":{"start":{"line":195,"column":17},"end":{"line":195,"column":18}},"loc":{"start":{"line":195,"column":36},"end":{"line":195,"column":null}}},"11":{"name":"(anonymous_11)","decl":{"start":{"line":205,"column":25},"end":{"line":205,"column":26}},"loc":{"start":{"line":206,"column":7},"end":{"line":206,"column":8}}},"12":{"name":"(anonymous_12)","decl":{"start":{"line":213,"column":18},"end":{"line":213,"column":19}},"loc":{"start":{"line":213,"column":37},"end":{"line":213,"column":null}}},"13":{"name":"(anonymous_13)","decl":{"start":{"line":234,"column":18},"end":{"line":234,"column":19}},"loc":{"start":{"line":234,"column":37},"end":{"line":234,"column":null}}},"14":{"name":"(anonymous_14)","decl":{"start":{"line":258,"column":36},"end":{"line":258,"column":37}},"loc":{"start":{"line":258,"column":47},"end":{"line":258,"column":null}}},"15":{"name":"(anonymous_15)","decl":{"start":{"line":259,"column":34},"end":{"line":259,"column":35}},"loc":{"start":{"line":259,"column":45},"end":{"line":259,"column":null}}}},"branchMap":{"0":{"loc":{"start":{"line":19,"column":1},"end":{"line":21,"column":null}},"type":"if","locations":[{"start":{"line":19,"column":1},"end":{"line":21,"column":null}},{"start":{},"end":{}}]},"1":{"loc":{"start":{"line":55,"column":2},"end":{"line":66,"column":null}},"type":"if","locations":[{"start":{"line":55,"column":2},"end":{"line":66,"column":null}},{"start":{"line":62,"column":9},"end":{"line":66,"column":null}}]},"2":{"loc":{"start":{"line":147,"column":18},"end":{"line":147,"column":null}},"type":"cond-expr","locations":[{"start":{"line":147,"column":39},"end":{"line":147,"column":60}},{"start":{"line":147,"column":60},"end":{"line":147,"column":null}}]},"3":{"loc":{"start":{"line":156,"column":21},"end":{"line":156,"column":33}},"type":"binary-expr","locations":[{"start":{"line":156,"column":21},"end":{"line":156,"column":29}},{"start":{"line":156,"column":29},"end":{"line":156,"column":33}}]},"4":{"loc":{"start":{"line":167,"column":18},"end":{"line":167,"column":null}},"type":"cond-expr","locations":[{"start":{"line":167,"column":37},"end":{"line":167,"column":58}},{"start":{"line":167,"column":58},"end":{"line":167,"column":null}}]},"5":{"loc":{"start":{"line":176,"column":21},"end":{"line":176,"column":33}},"type":"binary-expr","locations":[{"start":{"line":176,"column":21},"end":{"line":176,"column":29}},{"start":{"line":176,"column":29},"end":{"line":176,"column":33}}]},"6":{"loc":{"start":{"line":186,"column":18},"end":{"line":186,"column":null}},"type":"cond-expr","locations":[{"start":{"line":186,"column":38},"end":{"line":186,"column":59}},{"start":{"line":186,"column":59},"end":{"line":186,"column":null}}]},"7":{"loc":{"start":{"line":224,"column":19},"end":{"line":224,"column":null}},"type":"cond-expr","locations":[{"start":{"line":224,"column":34},"end":{"line":224,"column":55}},{"start":{"line":224,"column":55},"end":{"line":224,"column":null}}]},"8":{"loc":{"start":{"line":258,"column":7},"end":{"line":259,"column":null}},"type":"binary-expr","locations":[{"start":{"line":258,"column":7},"end":{"line":258,"column":null}},{"start":{"line":259,"column":7},"end":{"line":259,"column":null}}]}},"s":{"0":2,"1":87,"2":86,"3":0,"4":86,"5":86,"6":86,"7":86,"8":86,"9":76,"10":76,"11":76,"12":76,"13":86,"14":1,"15":1,"16":1,"17":0,"18":0,"19":0,"20":1,"21":1,"22":1,"23":86,"24":1,"25":1,"26":86,"27":86,"28":16,"29":6,"30":2,"31":2,"32":2,"33":258,"34":46,"35":2,"36":414,"37":27},"f":{"0":87,"1":76,"2":76,"3":76,"4":1,"5":1,"6":16,"7":6,"8":2,"9":2,"10":2,"11":258,"12":46,"13":2,"14":414,"15":27},"b":{"0":[0,86],"1":[0,1],"2":[0,86],"3":[2,0],"4":[0,86],"5":[2,0],"6":[0,86],"7":[0,86],"8":[86,3]}}
,"C:/Users/loic_/OneDrive/Documents/Web dev/Opc React/OPC_REACT_P14/hrnet-react/src/components/UI/organisms/EmployeeTable.tsx": {"path":"C:/Users/loic_/OneDrive/Documents/Web dev/Opc React/OPC_REACT_P14/hrnet-react/src/components/UI/organisms/EmployeeTable.tsx","statementMap":{"0":{"start":{"line":29,"column":26},"end":{"line":39,"column":null}},"1":{"start":{"line":41,"column":26},"end":{"line":46,"column":null}},"2":{"start":{"line":54,"column":74},"end":{"line":235,"column":null}},"3":{"start":{"line":64,"column":5},"end":{"line":64,"column":null}},"4":{"start":{"line":66,"column":20},"end":{"line":66,"column":null}},"5":{"start":{"line":67,"column":22},"end":{"line":67,"column":null}},"6":{"start":{"line":78,"column":5},"end":{"line":78,"column":null}},"7":{"start":{"line":80,"column":1},"end":{"line":80,"column":null}},"8":{"start":{"line":82,"column":26},"end":{"line":84,"column":null}},"9":{"start":{"line":87,"column":21},"end":{"line":100,"column":null}},"10":{"start":{"line":89,"column":2},"end":{"line":91,"column":null}},"11":{"start":{"line":90,"column":3},"end":{"line":90,"column":null}},"12":{"start":{"line":92,"column":2},"end":{"line":98,"column":null}},"13":{"start":{"line":93,"column":3},"end":{"line":96,"column":null}},"14":{"start":{"line":99,"column":2},"end":{"line":99,"column":null}},"15":{"start":{"line":102,"column":1},"end":{"line":233,"column":null}},"16":{"start":{"line":109,"column":23},"end":{"line":109,"column":null}},"17":{"start":{"line":120,"column":23},"end":{"line":120,"column":null}},"18":{"start":{"line":129,"column":8},"end":{"line":129,"column":9}},"19":{"start":{"line":132,"column":10},"end":{"line":132,"column":null}},"20":{"start":{"line":145,"column":8},"end":{"line":145,"column":9}},"21":{"start":{"line":154,"column":10},"end":{"line":154,"column":11}},"22":{"start":{"line":190,"column":9},"end":{"line":190,"column":null}},"23":{"start":{"line":191,"column":9},"end":{"line":191,"column":null}},"24":{"start":{"line":201,"column":7},"end":{"line":213,"column":null}},"25":{"start":{"line":207,"column":10},"end":{"line":207,"column":null}},"26":{"start":{"line":208,"column":10},"end":{"line":208,"column":null}},"27":{"start":{"line":220,"column":9},"end":{"line":220,"column":null}},"28":{"start":{"line":221,"column":9},"end":{"line":221,"column":null}}},"fnMap":{"0":{"name":"(anonymous_0)","decl":{"start":{"line":54,"column":74},"end":{"line":54,"column":75}},"loc":{"start":{"line":56,"column":0},"end":{"line":235,"column":null}}},"1":{"name":"(anonymous_1)","decl":{"start":{"line":87,"column":21},"end":{"line":87,"column":22}},"loc":{"start":{"line":87,"column":22},"end":{"line":100,"column":null}}},"2":{"name":"(anonymous_2)","decl":{"start":{"line":109,"column":16},"end":{"line":109,"column":17}},"loc":{"start":{"line":109,"column":23},"end":{"line":109,"column":null}}},"3":{"name":"(anonymous_3)","decl":{"start":{"line":120,"column":16},"end":{"line":120,"column":17}},"loc":{"start":{"line":120,"column":23},"end":{"line":120,"column":null}}},"4":{"name":"(anonymous_4)","decl":{"start":{"line":128,"column":20},"end":{"line":128,"column":21}},"loc":{"start":{"line":129,"column":8},"end":{"line":129,"column":9}}},"5":{"name":"(anonymous_5)","decl":{"start":{"line":131,"column":18},"end":{"line":131,"column":null}},"loc":{"start":{"line":132,"column":10},"end":{"line":132,"column":null}}},"6":{"name":"(anonymous_6)","decl":{"start":{"line":144,"column":28},"end":{"line":144,"column":29}},"loc":{"start":{"line":145,"column":8},"end":{"line":145,"column":9}}},"7":{"name":"(anonymous_7)","decl":{"start":{"line":153,"column":22},"end":{"line":153,"column":23}},"loc":{"start":{"line":154,"column":10},"end":{"line":154,"column":11}}},"8":{"name":"(anonymous_8)","decl":{"start":{"line":189,"column":17},"end":{"line":189,"column":18}},"loc":{"start":{"line":189,"column":18},"end":{"line":192,"column":null}}},"9":{"name":"(anonymous_9)","decl":{"start":{"line":200,"column":41},"end":{"line":200,"column":42}},"loc":{"start":{"line":201,"column":7},"end":{"line":213,"column":null}}},"10":{"name":"(anonymous_10)","decl":{"start":{"line":206,"column":18},"end":{"line":206,"column":19}},"loc":{"start":{"line":206,"column":19},"end":{"line":209,"column":null}}},"11":{"name":"(anonymous_11)","decl":{"start":{"line":219,"column":17},"end":{"line":219,"column":18}},"loc":{"start":{"line":219,"column":18},"end":{"line":222,"column":null}}}},"branchMap":{"0":{"loc":{"start":{"line":67,"column":22},"end":{"line":67,"column":null}},"type":"cond-expr","locations":[{"start":{"line":67,"column":34},"end":{"line":67,"column":53}},{"start":{"line":67,"column":53},"end":{"line":67,"column":null}}]},"1":{"loc":{"start":{"line":89,"column":2},"end":{"line":91,"column":null}},"type":"if","locations":[{"start":{"line":89,"column":2},"end":{"line":91,"column":null}},{"start":{},"end":{}}]},"2":{"loc":{"start":{"line":92,"column":2},"end":{"line":98,"column":null}},"type":"if","locations":[{"start":{"line":92,"column":2},"end":{"line":98,"column":null}},{"start":{},"end":{}}]},"3":{"loc":{"start":{"line":93,"column":10},"end":{"line":96,"column":null}},"type":"cond-expr","locations":[{"start":{"line":94,"column":4},"end":{"line":94,"column":null}},{"start":{"line":96,"column":4},"end":{"line":96,"column":null}}]},"4":{"loc":{"start":{"line":143,"column":7},"end":{"line":171,"column":null}},"type":"cond-expr","locations":[{"start":{"line":144,"column":7},"end":{"line":145,"column":9}},{"start":{"line":164,"column":7},"end":{"line":171,"column":null}}]},"5":{"loc":{"start":{"line":149,"column":10},"end":{"line":149,"column":null}},"type":"cond-expr","locations":[{"start":{"line":149,"column":28},"end":{"line":149,"column":46}},{"start":{"line":149,"column":46},"end":{"line":149,"column":null}}]},"6":{"loc":{"start":{"line":181,"column":6},"end":{"line":181,"column":null}},"type":"binary-expr","locations":[{"start":{"line":181,"column":6},"end":{"line":181,"column":20}},{"start":{"line":181,"column":20},"end":{"line":181,"column":null}}]},"7":{"loc":{"start":{"line":195,"column":9},"end":{"line":195,"column":null}},"type":"binary-expr","locations":[{"start":{"line":195,"column":9},"end":{"line":195,"column":29}},{"start":{"line":195,"column":29},"end":{"line":195,"column":null}}]},"8":{"loc":{"start":{"line":225,"column":9},"end":{"line":225,"column":null}},"type":"binary-expr","locations":[{"start":{"line":225,"column":9},"end":{"line":225,"column":25}},{"start":{"line":225,"column":25},"end":{"line":225,"column":null}}]}},"s":{"0":3,"1":3,"2":3,"3":23,"4":23,"5":23,"6":23,"7":23,"8":23,"9":23,"10":207,"11":0,"12":207,"13":23,"14":184,"15":23,"16":0,"17":5,"18":207,"19":2,"20":117,"21":1053,"22":0,"23":0,"24":62,"25":0,"26":0,"27":0,"28":0},"f":{"0":23,"1":207,"2":0,"3":5,"4":207,"5":2,"6":117,"7":1053,"8":0,"9":62,"10":0,"11":0},"b":{"0":[23,0],"1":[0,207],"2":[23,184],"3":[21,2],"4":[18,5],"5":[62,55],"6":[23,9],"7":[23,23],"8":[23,12]}}
,"C:/Users/loic_/OneDrive/Documents/Web dev/Opc React/OPC_REACT_P14/hrnet-react/src/components/UI/organisms/Footer.tsx": {"path":"C:/Users/loic_/OneDrive/Documents/Web dev/Opc React/OPC_REACT_P14/hrnet-react/src/components/UI/organisms/Footer.tsx","statementMap":{"0":{"start":{"line":8,"column":25},"end":{"line":15,"column":null}},"1":{"start":{"line":9,"column":1},"end":{"line":13,"column":null}}},"fnMap":{"0":{"name":"(anonymous_0)","decl":{"start":{"line":8,"column":36},"end":{"line":8,"column":null}},"loc":{"start":{"line":8,"column":36},"end":{"line":15,"column":null}}}},"branchMap":{},"s":{"0":2,"1":0},"f":{"0":0},"b":{}}
,"C:/Users/loic_/OneDrive/Documents/Web dev/Opc React/OPC_REACT_P14/hrnet-react/src/components/UI/organisms/Header.tsx": {"path":"C:/Users/loic_/OneDrive/Documents/Web dev/Opc React/OPC_REACT_P14/hrnet-react/src/components/UI/organisms/Header.tsx","statementMap":{"0":{"start":{"line":11,"column":25},"end":{"line":45,"column":null}},"1":{"start":{"line":12,"column":1},"end":{"line":43,"column":null}}},"fnMap":{"0":{"name":"(anonymous_0)","decl":{"start":{"line":11,"column":25},"end":{"line":11,"column":null}},"loc":{"start":{"line":11,"column":25},"end":{"line":45,"column":null}}}},"branchMap":{},"s":{"0":2,"1":3},"f":{"0":3},"b":{}}
,"C:/Users/loic_/OneDrive/Documents/Web dev/Opc React/OPC_REACT_P14/hrnet-react/src/components/templates/CreateEmployeeTemplate.tsx": {"path":"C:/Users/loic_/OneDrive/Documents/Web dev/Opc React/OPC_REACT_P14/hrnet-react/src/components/templates/CreateEmployeeTemplate.tsx","statementMap":{"0":{"start":{"line":16,"column":41},"end":{"line":20,"column":null}},"1":{"start":{"line":17,"column":1},"end":{"line":20,"column":null}}},"fnMap":{"0":{"name":"(anonymous_0)","decl":{"start":{"line":16,"column":41},"end":{"line":16,"column":null}},"loc":{"start":{"line":17,"column":1},"end":{"line":20,"column":null}}}},"branchMap":{},"s":{"0":2,"1":0},"f":{"0":0},"b":{}}
,"C:/Users/loic_/OneDrive/Documents/Web dev/Opc React/OPC_REACT_P14/hrnet-react/src/components/templates/EmployeeListTemplate.tsx": {"path":"C:/Users/loic_/OneDrive/Documents/Web dev/Opc React/OPC_REACT_P14/hrnet-react/src/components/templates/EmployeeListTemplate.tsx","statementMap":{"0":{"start":{"line":27,"column":66},"end":{"line":33,"column":null}},"1":{"start":{"line":30,"column":1},"end":{"line":33,"column":null}}},"fnMap":{"0":{"name":"(anonymous_0)","decl":{"start":{"line":27,"column":66},"end":{"line":27,"column":67}},"loc":{"start":{"line":30,"column":1},"end":{"line":33,"column":null}}}},"branchMap":{},"s":{"0":2,"1":0},"f":{"0":0},"b":{}}
,"C:/Users/loic_/OneDrive/Documents/Web dev/Opc React/OPC_REACT_P14/hrnet-react/src/components/templates/GeneralTemplate.tsx": {"path":"C:/Users/loic_/OneDrive/Documents/Web dev/Opc React/OPC_REACT_P14/hrnet-react/src/components/templates/GeneralTemplate.tsx","statementMap":{"0":{"start":{"line":28,"column":56},"end":{"line":39,"column":null}},"1":{"start":{"line":30,"column":2},"end":{"line":37,"column":null}}},"fnMap":{"0":{"name":"(anonymous_0)","decl":{"start":{"line":29,"column":1},"end":{"line":29,"column":2}},"loc":{"start":{"line":29,"column":13},"end":{"line":39,"column":null}}}},"branchMap":{},"s":{"0":2,"1":0},"f":{"0":0},"b":{}}
,"C:/Users/loic_/OneDrive/Documents/Web dev/Opc React/OPC_REACT_P14/hrnet-react/src/config/fieldRules.ts": {"path":"C:/Users/loic_/OneDrive/Documents/Web dev/Opc React/OPC_REACT_P14/hrnet-react/src/config/fieldRules.ts","statementMap":{"0":{"start":{"line":18,"column":61},"end":{"line":83,"column":null}},"1":{"start":{"line":41,"column":18},"end":{"line":41,"column":null}},"2":{"start":{"line":42,"column":31},"end":{"line":42,"column":null}},"3":{"start":{"line":43,"column":17},"end":{"line":43,"column":null}},"4":{"start":{"line":44,"column":4},"end":{"line":44,"column":null}}},"fnMap":{"0":{"name":"(anonymous_0)","decl":{"start":{"line":40,"column":16},"end":{"line":40,"column":17}},"loc":{"start":{"line":40,"column":17},"end":{"line":45,"column":null}}}},"branchMap":{"0":{"loc":{"start":{"line":44,"column":11},"end":{"line":44,"column":null}},"type":"binary-expr","locations":[{"start":{"line":44,"column":11},"end":{"line":44,"column":28}},{"start":{"line":44,"column":28},"end":{"line":44,"column":null}}]}},"s":{"0":2,"1":1,"2":1,"3":1,"4":1},"f":{"0":1},"b":{"0":[1,0]}}
,"C:/Users/loic_/OneDrive/Documents/Web dev/Opc React/OPC_REACT_P14/hrnet-react/src/context/EmployeeContext.tsx": {"path":"C:/Users/loic_/OneDrive/Documents/Web dev/Opc React/OPC_REACT_P14/hrnet-react/src/context/EmployeeContext.tsx","statementMap":{"0":{"start":{"line":23,"column":24},"end":{"line":24,"column":null}}},"fnMap":{},"branchMap":{},"s":{"0":3},"f":{},"b":{}}
,"C:/Users/loic_/OneDrive/Documents/Web dev/Opc React/OPC_REACT_P14/hrnet-react/src/context/ThemeContext.tsx": {"path":"C:/Users/loic_/OneDrive/Documents/Web dev/Opc React/OPC_REACT_P14/hrnet-react/src/context/ThemeContext.tsx","statementMap":{"0":{"start":{"line":23,"column":28},"end":{"line":24,"column":null}}},"fnMap":{},"branchMap":{},"s":{"0":2},"f":{},"b":{}}
,"C:/Users/loic_/OneDrive/Documents/Web dev/Opc React/OPC_REACT_P14/hrnet-react/src/hooks/usePagination.ts": {"path":"C:/Users/loic_/OneDrive/Documents/Web dev/Opc React/OPC_REACT_P14/hrnet-react/src/hooks/usePagination.ts","statementMap":{"0":{"start":{"line":18,"column":22},"end":{"line":69,"column":null}},"1":{"start":{"line":23,"column":35},"end":{"line":23,"column":null}},"2":{"start":{"line":24,"column":33},"end":{"line":24,"column":null}},"3":{"start":{"line":27,"column":19},"end":{"line":27,"column":null}},"4":{"start":{"line":30,"column":25},"end":{"line":30,"column":null}},"5":{"start":{"line":31,"column":21},"end":{"line":31,"column":null}},"6":{"start":{"line":34,"column":18},"end":{"line":36,"column":null}},"7":{"start":{"line":35,"column":2},"end":{"line":35,"column":null}},"8":{"start":{"line":39,"column":18},"end":{"line":43,"column":null}},"9":{"start":{"line":40,"column":2},"end":{"line":42,"column":null}},"10":{"start":{"line":41,"column":3},"end":{"line":41,"column":null}},"11":{"start":{"line":46,"column":22},"end":{"line":50,"column":null}},"12":{"start":{"line":47,"column":2},"end":{"line":49,"column":null}},"13":{"start":{"line":48,"column":3},"end":{"line":48,"column":null}},"14":{"start":{"line":53,"column":29},"end":{"line":56,"column":null}},"15":{"start":{"line":54,"column":2},"end":{"line":54,"column":null}},"16":{"start":{"line":55,"column":2},"end":{"line":55,"column":null}},"17":{"start":{"line":58,"column":1},"end":{"line":68,"column":null}}},"fnMap":{"0":{"name":"(anonymous_0)","decl":{"start":{"line":18,"column":22},"end":{"line":18,"column":23}},"loc":{"start":{"line":22,"column":0},"end":{"line":69,"column":null}}},"1":{"name":"(anonymous_1)","decl":{"start":{"line":34,"column":18},"end":{"line":34,"column":19}},"loc":{"start":{"line":34,"column":19},"end":{"line":36,"column":null}}},"2":{"name":"(anonymous_2)","decl":{"start":{"line":39,"column":18},"end":{"line":39,"column":null}},"loc":{"start":{"line":39,"column":18},"end":{"line":43,"column":null}}},"3":{"name":"(anonymous_3)","decl":{"start":{"line":46,"column":22},"end":{"line":46,"column":null}},"loc":{"start":{"line":46,"column":22},"end":{"line":50,"column":null}}},"4":{"name":"(anonymous_4)","decl":{"start":{"line":53,"column":29},"end":{"line":53,"column":30}},"loc":{"start":{"line":53,"column":30},"end":{"line":56,"column":null}}}},"branchMap":{"0":{"loc":{"start":{"line":19,"column":1},"end":{"line":19,"column":null}},"type":"default-arg","locations":[{"start":{"line":19,"column":20},"end":{"line":19,"column":null}}]},"1":{"loc":{"start":{"line":20,"column":1},"end":{"line":20,"column":null}},"type":"default-arg","locations":[{"start":{"line":20,"column":19},"end":{"line":20,"column":null}}]},"2":{"loc":{"start":{"line":40,"column":2},"end":{"line":42,"column":null}},"type":"if","locations":[{"start":{"line":40,"column":2},"end":{"line":42,"column":null}},{"start":{},"end":{}}]},"3":{"loc":{"start":{"line":47,"column":2},"end":{"line":49,"column":null}},"type":"if","locations":[{"start":{"line":47,"column":2},"end":{"line":49,"column":null}},{"start":{},"end":{}}]}},"s":{"0":3,"1":23,"2":23,"3":23,"4":23,"5":23,"6":23,"7":12,"8":23,"9":0,"10":0,"11":23,"12":0,"13":0,"14":23,"15":0,"16":0,"17":23},"f":{"0":23,"1":12,"2":0,"3":0,"4":0},"b":{"0":[23],"1":[23],"2":[0,0],"3":[0,0]}}
,"C:/Users/loic_/OneDrive/Documents/Web dev/Opc React/OPC_REACT_P14/hrnet-react/src/hooks/useSearchAndSort.ts": {"path":"C:/Users/loic_/OneDrive/Documents/Web dev/Opc React/OPC_REACT_P14/hrnet-react/src/hooks/useSearchAndSort.ts","statementMap":{"0":{"start":{"line":14,"column":25},"end":{"line":44,"column":null}},"1":{"start":{"line":15,"column":37},"end":{"line":15,"column":null}},"2":{"start":{"line":16,"column":51},"end":{"line":18,"column":null}},"3":{"start":{"line":19,"column":37},"end":{"line":22,"column":null}},"4":{"start":{"line":24,"column":21},"end":{"line":24,"column":null}},"5":{"start":{"line":26,"column":1},"end":{"line":34,"column":null}},"6":{"start":{"line":27,"column":2},"end":{"line":33,"column":null}},"7":{"start":{"line":29,"column":18},"end":{"line":29,"column":null}},"8":{"start":{"line":30,"column":3},"end":{"line":30,"column":null}},"9":{"start":{"line":31,"column":3},"end":{"line":31,"column":null}},"10":{"start":{"line":32,"column":3},"end":{"line":32,"column":null}},"11":{"start":{"line":36,"column":1},"end":{"line":43,"column":null}}},"fnMap":{"0":{"name":"(anonymous_0)","decl":{"start":{"line":14,"column":25},"end":{"line":14,"column":26}},"loc":{"start":{"line":14,"column":26},"end":{"line":44,"column":null}}},"1":{"name":"(anonymous_1)","decl":{"start":{"line":24,"column":57},"end":{"line":24,"column":64}},"loc":{"start":{"line":24,"column":57},"end":{"line":24,"column":null}}},"2":{"name":"(anonymous_2)","decl":{"start":{"line":26,"column":11},"end":{"line":26,"column":null}},"loc":{"start":{"line":26,"column":11},"end":{"line":34,"column":4}}}},"branchMap":{"0":{"loc":{"start":{"line":27,"column":2},"end":{"line":33,"column":null}},"type":"if","locations":[{"start":{"line":27,"column":2},"end":{"line":33,"column":null}},{"start":{},"end":{}}]}},"s":{"0":3,"1":23,"2":23,"3":23,"4":23,"5":23,"6":12,"7":12,"8":12,"9":12,"10":12,"11":23},"f":{"0":23,"1":0,"2":12},"b":{"0":[12,0]}}
,"C:/Users/loic_/OneDrive/Documents/Web dev/Opc React/OPC_REACT_P14/hrnet-react/src/hooks/useTheme.ts": {"path":"C:/Users/loic_/OneDrive/Documents/Web dev/Opc React/OPC_REACT_P14/hrnet-react/src/hooks/useTheme.ts","statementMap":{"0":{"start":{"line":13,"column":24},"end":{"line":20,"column":null}},"1":{"start":{"line":14,"column":17},"end":{"line":14,"column":null}},"2":{"start":{"line":15,"column":1},"end":{"line":18,"column":null}},"3":{"start":{"line":17,"column":2},"end":{"line":17,"column":null}},"4":{"start":{"line":19,"column":1},"end":{"line":19,"column":null}}},"fnMap":{"0":{"name":"(anonymous_0)","decl":{"start":{"line":13,"column":24},"end":{"line":13,"column":null}},"loc":{"start":{"line":13,"column":24},"end":{"line":20,"column":null}}}},"branchMap":{"0":{"loc":{"start":{"line":15,"column":1},"end":{"line":18,"column":null}},"type":"if","locations":[{"start":{"line":15,"column":1},"end":{"line":18,"column":null}},{"start":{},"end":{}}]}},"s":{"0":2,"1":3,"2":3,"3":0,"4":3},"f":{"0":3},"b":{"0":[0,3]}}
,"C:/Users/loic_/OneDrive/Documents/Web dev/Opc React/OPC_REACT_P14/hrnet-react/src/pages/EmployeeListPage.tsx": {"path":"C:/Users/loic_/OneDrive/Documents/Web dev/Opc React/OPC_REACT_P14/hrnet-react/src/pages/EmployeeListPage.tsx","statementMap":{"0":{"start":{"line":22,"column":25},"end":{"line":31,"column":null}},"1":{"start":{"line":23,"column":17},"end":{"line":23,"column":null}},"2":{"start":{"line":24,"column":19},"end":{"line":24,"column":43}}},"fnMap":{"0":{"name":"(anonymous_0)","decl":{"start":{"line":22,"column":25},"end":{"line":22,"column":null}},"loc":{"start":{"line":22,"column":25},"end":{"line":31,"column":null}}}},"branchMap":{"0":{"loc":{"start":{"line":24,"column":19},"end":{"line":24,"column":43}},"type":"binary-expr","locations":[{"start":{"line":24,"column":19},"end":{"line":24,"column":41}},{"start":{"line":24,"column":41},"end":{"line":24,"column":43}}]}},"s":{"0":0,"1":0,"2":0},"f":{"0":0},"b":{"0":[0,0]}}
,"C:/Users/loic_/OneDrive/Documents/Web dev/Opc React/OPC_REACT_P14/hrnet-react/src/pages/HomePage.tsx": {"path":"C:/Users/loic_/OneDrive/Documents/Web dev/Opc React/OPC_REACT_P14/hrnet-react/src/pages/HomePage.tsx","statementMap":{"0":{"start":{"line":19,"column":27},"end":{"line":25,"column":null}}},"fnMap":{"0":{"name":"(anonymous_0)","decl":{"start":{"line":19,"column":27},"end":{"line":19,"column":null}},"loc":{"start":{"line":19,"column":27},"end":{"line":25,"column":null}}}},"branchMap":{},"s":{"0":0},"f":{"0":0},"b":{}}
,"C:/Users/loic_/OneDrive/Documents/Web dev/Opc React/OPC_REACT_P14/hrnet-react/src/provider/EmployeeProvider.tsx": {"path":"C:/Users/loic_/OneDrive/Documents/Web dev/Opc React/OPC_REACT_P14/hrnet-react/src/provider/EmployeeProvider.tsx","statementMap":{"0":{"start":{"line":15,"column":67},"end":{"line":39,"column":null}},"1":{"start":{"line":18,"column":35},"end":{"line":22,"column":null}},"2":{"start":{"line":20,"column":25},"end":{"line":20,"column":null}},"3":{"start":{"line":21,"column":2},"end":{"line":21,"column":null}},"4":{"start":{"line":24,"column":1},"end":{"line":27,"column":null}},"5":{"start":{"line":26,"column":2},"end":{"line":26,"column":null}},"6":{"start":{"line":29,"column":21},"end":{"line":32,"column":null}},"7":{"start":{"line":31,"column":2},"end":{"line":31,"column":null}},"8":{"start":{"line":34,"column":1},"end":{"line":37,"column":null}}},"fnMap":{"0":{"name":"(anonymous_0)","decl":{"start":{"line":15,"column":67},"end":{"line":15,"column":68}},"loc":{"start":{"line":17,"column":0},"end":{"line":39,"column":null}}},"1":{"name":"(anonymous_1)","decl":{"start":{"line":18,"column":64},"end":{"line":18,"column":null}},"loc":{"start":{"line":18,"column":64},"end":{"line":22,"column":null}}},"2":{"name":"(anonymous_2)","decl":{"start":{"line":24,"column":11},"end":{"line":24,"column":null}},"loc":{"start":{"line":24,"column":11},"end":{"line":27,"column":4}}},"3":{"name":"(anonymous_3)","decl":{"start":{"line":29,"column":21},"end":{"line":29,"column":22}},"loc":{"start":{"line":29,"column":22},"end":{"line":32,"column":null}}}},"branchMap":{"0":{"loc":{"start":{"line":21,"column":9},"end":{"line":21,"column":56}},"type":"cond-expr","locations":[{"start":{"line":21,"column":26},"end":{"line":21,"column":55}},{"start":{"line":21,"column":55},"end":{"line":21,"column":56}}]}},"s":{"0":2,"1":12,"2":12,"3":12,"4":12,"5":12,"6":12,"7":0,"8":12},"f":{"0":12,"1":12,"2":12,"3":0},"b":{"0":[11,1]}}
,"C:/Users/loic_/OneDrive/Documents/Web dev/Opc React/OPC_REACT_P14/hrnet-react/src/provider/ThemeProvider.tsx": {"path":"C:/Users/loic_/OneDrive/Documents/Web dev/Opc React/OPC_REACT_P14/hrnet-react/src/provider/ThemeProvider.tsx","statementMap":{"0":{"start":{"line":17,"column":52},"end":{"line":43,"column":null}},"1":{"start":{"line":18,"column":27},"end":{"line":18,"column":null}},"2":{"start":{"line":20,"column":1},"end":{"line":27,"column":null}},"3":{"start":{"line":22,"column":21},"end":{"line":22,"column":null}},"4":{"start":{"line":23,"column":2},"end":{"line":26,"column":null}},"5":{"start":{"line":24,"column":3},"end":{"line":24,"column":null}},"6":{"start":{"line":25,"column":3},"end":{"line":25,"column":null}},"7":{"start":{"line":29,"column":21},"end":{"line":36,"column":null}},"8":{"start":{"line":31,"column":19},"end":{"line":31,"column":null}},"9":{"start":{"line":32,"column":2},"end":{"line":32,"column":null}},"10":{"start":{"line":33,"column":2},"end":{"line":33,"column":null}},"11":{"start":{"line":34,"column":2},"end":{"line":34,"column":null}},"12":{"start":{"line":35,"column":2},"end":{"line":35,"column":null}},"13":{"start":{"line":38,"column":1},"end":{"line":41,"column":null}}},"fnMap":{"0":{"name":"(anonymous_0)","decl":{"start":{"line":17,"column":52},"end":{"line":17,"column":53}},"loc":{"start":{"line":17,"column":64},"end":{"line":43,"column":null}}},"1":{"name":"(anonymous_1)","decl":{"start":{"line":20,"column":11},"end":{"line":20,"column":null}},"loc":{"start":{"line":20,"column":11},"end":{"line":27,"column":4}}},"2":{"name":"(anonymous_2)","decl":{"start":{"line":29,"column":21},"end":{"line":29,"column":null}},"loc":{"start":{"line":29,"column":21},"end":{"line":36,"column":null}}}},"branchMap":{"0":{"loc":{"start":{"line":23,"column":2},"end":{"line":26,"column":null}},"type":"if","locations":[{"start":{"line":23,"column":2},"end":{"line":26,"column":null}},{"start":{},"end":{}}]},"1":{"loc":{"start":{"line":31,"column":19},"end":{"line":31,"column":null}},"type":"cond-expr","locations":[{"start":{"line":31,"column":39},"end":{"line":31,"column":48}},{"start":{"line":31,"column":48},"end":{"line":31,"column":null}}]}},"s":{"0":1,"1":3,"2":3,"3":3,"4":3,"5":0,"6":0,"7":3,"8":0,"9":0,"10":0,"11":0,"12":0,"13":3},"f":{"0":3,"1":3,"2":0},"b":{"0":[0,3],"1":[0,0]}}
,"C:/Users/loic_/OneDrive/Documents/Web dev/Opc React/OPC_REACT_P14/hrnet-react/src/styles/buttonStyles.ts": {"path":"C:/Users/loic_/OneDrive/Documents/Web dev/Opc React/OPC_REACT_P14/hrnet-react/src/styles/buttonStyles.ts","statementMap":{"0":{"start":{"line":1,"column":28},"end":{"line":24,"column":null}}},"fnMap":{},"branchMap":{},"s":{"0":2},"f":{},"b":{}}
,"C:/Users/loic_/OneDrive/Documents/Web dev/Opc React/OPC_REACT_P14/hrnet-react/src/styles/inputStyles.ts": {"path":"C:/Users/loic_/OneDrive/Documents/Web dev/Opc React/OPC_REACT_P14/hrnet-react/src/styles/inputStyles.ts","statementMap":{"0":{"start":{"line":1,"column":27},"end":{"line":13,"column":null}}},"fnMap":{},"branchMap":{},"s":{"0":3},"f":{},"b":{}}
,"C:/Users/loic_/OneDrive/Documents/Web dev/Opc React/OPC_REACT_P14/hrnet-react/src/utils/departmentOptions.ts": {"path":"C:/Users/loic_/OneDrive/Documents/Web dev/Opc React/OPC_REACT_P14/hrnet-react/src/utils/departmentOptions.ts","statementMap":{"0":{"start":{"line":10,"column":52},"end":{"line":16,"column":null}}},"fnMap":{},"branchMap":{},"s":{"0":2},"f":{},"b":{}}
,"C:/Users/loic_/OneDrive/Documents/Web dev/Opc React/OPC_REACT_P14/hrnet-react/src/utils/filterAndSortEmployees.ts": {"path":"C:/Users/loic_/OneDrive/Documents/Web dev/Opc React/OPC_REACT_P14/hrnet-react/src/utils/filterAndSortEmployees.ts","statementMap":{"0":{"start":{"line":10,"column":31},"end":{"line":19,"column":null}},"1":{"start":{"line":14,"column":1},"end":{"line":16,"column":null}},"2":{"start":{"line":15,"column":2},"end":{"line":16,"column":null}},"3":{"start":{"line":16,"column":3},"end":{"line":16,"column":null}},"4":{"start":{"line":28,"column":29},"end":{"line":41,"column":null}},"5":{"start":{"line":32,"column":1},"end":{"line":40,"column":null}},"6":{"start":{"line":33,"column":2},"end":{"line":35,"column":null}},"7":{"start":{"line":34,"column":3},"end":{"line":34,"column":null}},"8":{"start":{"line":36,"column":2},"end":{"line":38,"column":null}},"9":{"start":{"line":37,"column":3},"end":{"line":37,"column":null}},"10":{"start":{"line":39,"column":2},"end":{"line":39,"column":null}}},"fnMap":{"0":{"name":"(anonymous_0)","decl":{"start":{"line":10,"column":31},"end":{"line":10,"column":null}},"loc":{"start":{"line":12,"column":1},"end":{"line":19,"column":null}}},"1":{"name":"(anonymous_1)","decl":{"start":{"line":14,"column":25},"end":{"line":14,"column":26}},"loc":{"start":{"line":15,"column":2},"end":{"line":16,"column":null}}},"2":{"name":"(anonymous_2)","decl":{"start":{"line":15,"column":31},"end":{"line":15,"column":32}},"loc":{"start":{"line":16,"column":3},"end":{"line":16,"column":null}}},"3":{"name":"(anonymous_3)","decl":{"start":{"line":28,"column":29},"end":{"line":28,"column":null}},"loc":{"start":{"line":30,"column":1},"end":{"line":41,"column":null}}},"4":{"name":"(anonymous_4)","decl":{"start":{"line":32,"column":23},"end":{"line":32,"column":24}},"loc":{"start":{"line":32,"column":27},"end":{"line":40,"column":null}}}},"branchMap":{"0":{"loc":{"start":{"line":33,"column":2},"end":{"line":35,"column":null}},"type":"if","locations":[{"start":{"line":33,"column":2},"end":{"line":35,"column":null}},{"start":{},"end":{}}]},"1":{"loc":{"start":{"line":34,"column":10},"end":{"line":34,"column":null}},"type":"cond-expr","locations":[{"start":{"line":34,"column":49},"end":{"line":34,"column":54}},{"start":{"line":34,"column":54},"end":{"line":34,"column":null}}]},"2":{"loc":{"start":{"line":36,"column":2},"end":{"line":38,"column":null}},"type":"if","locations":[{"start":{"line":36,"column":2},"end":{"line":38,"column":null}},{"start":{},"end":{}}]},"3":{"loc":{"start":{"line":37,"column":10},"end":{"line":37,"column":null}},"type":"cond-expr","locations":[{"start":{"line":37,"column":49},"end":{"line":37,"column":53}},{"start":{"line":37,"column":53},"end":{"line":37,"column":null}}]}},"s":{"0":3,"1":12,"2":600,"3":2210,"4":3,"5":12,"6":567,"7":0,"8":567,"9":232,"10":335},"f":{"0":12,"1":600,"2":2210,"3":12,"4":567},"b":{"0":[0,567],"1":[0,0],"2":[232,335],"3":[63,169]}}
,"C:/Users/loic_/OneDrive/Documents/Web dev/Opc React/OPC_REACT_P14/hrnet-react/src/utils/formValidation.ts": {"path":"C:/Users/loic_/OneDrive/Documents/Web dev/Opc React/OPC_REACT_P14/hrnet-react/src/utils/formValidation.ts","statementMap":{"0":{"start":{"line":16,"column":43},"end":{"line":16,"column":null}},"1":{"start":{"line":19,"column":1},"end":{"line":47,"column":null}},"2":{"start":{"line":20,"column":16},"end":{"line":20,"column":54}},"3":{"start":{"line":21,"column":16},"end":{"line":21,"column":57}},"4":{"start":{"line":23,"column":2},"end":{"line":46,"column":null}},"5":{"start":{"line":26,"column":4},"end":{"line":26,"column":null}},"6":{"start":{"line":27,"column":4},"end":{"line":27,"column":null}},"7":{"start":{"line":33,"column":4},"end":{"line":33,"column":null}},"8":{"start":{"line":34,"column":4},"end":{"line":34,"column":null}},"9":{"start":{"line":38,"column":4},"end":{"line":44,"column":null}},"10":{"start":{"line":39,"column":26},"end":{"line":39,"column":53}},"11":{"start":{"line":40,"column":30},"end":{"line":40,"column":null}},"12":{"start":{"line":41,"column":5},"end":{"line":43,"column":null}},"13":{"start":{"line":42,"column":6},"end":{"line":42,"column":null}},"14":{"start":{"line":45,"column":4},"end":{"line":45,"column":null}},"15":{"start":{"line":49,"column":1},"end":{"line":49,"column":null}}},"fnMap":{"0":{"name":"validate","decl":{"start":{"line":13,"column":16},"end":{"line":13,"column":null}},"loc":{"start":{"line":14,"column":1},"end":{"line":50,"column":null}}},"1":{"name":"(anonymous_1)","decl":{"start":{"line":19,"column":33},"end":{"line":19,"column":34}},"loc":{"start":{"line":19,"column":34},"end":{"line":47,"column":null}}},"2":{"name":"(anonymous_2)","decl":{"start":{"line":38,"column":40},"end":{"line":38,"column":41}},"loc":{"start":{"line":38,"column":41},"end":{"line":44,"column":null}}}},"branchMap":{"0":{"loc":{"start":{"line":23,"column":2},"end":{"line":46,"column":null}},"type":"switch","locations":[{"start":{"line":25,"column":3},"end":{"line":27,"column":null}},{"start":{"line":30,"column":3},"end":{"line":34,"column":null}},{"start":{"line":37,"column":3},"end":{"line":45,"column":null}}]},"1":{"loc":{"start":{"line":25,"column":8},"end":{"line":25,"column":null}},"type":"binary-expr","locations":[{"start":{"line":25,"column":8},"end":{"line":25,"column":26}},{"start":{"line":25,"column":26},"end":{"line":25,"column":null}}]},"2":{"loc":{"start":{"line":30,"column":8},"end":{"line":32,"column":null}},"type":"binary-expr","locations":[{"start":{"line":30,"column":8},"end":{"line":30,"column":null}},{"start":{"line":31,"column":4},"end":{"line":31,"column":null}},{"start":{"line":32,"column":4},"end":{"line":32,"column":null}}]},"3":{"loc":{"start":{"line":41,"column":5},"end":{"line":43,"column":null}},"type":"if","locations":[{"start":{"line":41,"column":5},"end":{"line":43,"column":null}},{"start":{},"end":{}}]}},"s":{"0":1,"1":1,"2":9,"3":9,"4":9,"5":0,"6":0,"7":0,"8":0,"9":1,"10":1,"11":1,"12":1,"13":0,"14":1,"15":1},"f":{"0":1,"1":9,"2":1},"b":{"0":[0,0,1],"1":[9,9],"2":[9,7,7],"3":[0,1]}}
,"C:/Users/loic_/OneDrive/Documents/Web dev/Opc React/OPC_REACT_P14/hrnet-react/src/utils/sortUtils.ts": {"path":"C:/Users/loic_/OneDrive/Documents/Web dev/Opc React/OPC_REACT_P14/hrnet-react/src/utils/sortUtils.ts","statementMap":{"0":{"start":{"line":10,"column":27},"end":{"line":26,"column":null}},"1":{"start":{"line":17,"column":17},"end":{"line":17,"column":null}},"2":{"start":{"line":18,"column":1},"end":{"line":24,"column":null}},"3":{"start":{"line":23,"column":2},"end":{"line":23,"column":null}},"4":{"start":{"line":25,"column":1},"end":{"line":25,"column":null}},"5":{"start":{"line":35,"column":33},"end":{"line":40,"column":null}},"6":{"start":{"line":39,"column":1},"end":{"line":39,"column":null}},"7":{"start":{"line":49,"column":34},"end":{"line":54,"column":null}},"8":{"start":{"line":53,"column":1},"end":{"line":53,"column":null}}},"fnMap":{"0":{"name":"(anonymous_0)","decl":{"start":{"line":10,"column":27},"end":{"line":10,"column":null}},"loc":{"start":{"line":13,"column":1},"end":{"line":26,"column":null}}},"1":{"name":"(anonymous_1)","decl":{"start":{"line":35,"column":33},"end":{"line":35,"column":null}},"loc":{"start":{"line":37,"column":1},"end":{"line":40,"column":null}}},"2":{"name":"(anonymous_2)","decl":{"start":{"line":49,"column":34},"end":{"line":49,"column":null}},"loc":{"start":{"line":51,"column":1},"end":{"line":54,"column":null}}}},"branchMap":{"0":{"loc":{"start":{"line":18,"column":1},"end":{"line":24,"column":null}},"type":"if","locations":[{"start":{"line":18,"column":1},"end":{"line":24,"column":null}},{"start":{},"end":{}}]},"1":{"loc":{"start":{"line":19,"column":2},"end":{"line":21,"column":null}},"type":"binary-expr","locations":[{"start":{"line":19,"column":2},"end":{"line":19,"column":null}},{"start":{"line":20,"column":2},"end":{"line":20,"column":null}},{"start":{"line":21,"column":2},"end":{"line":21,"column":null}}]},"2":{"loc":{"start":{"line":39,"column":8},"end":{"line":39,"column":null}},"type":"binary-expr","locations":[{"start":{"line":39,"column":8},"end":{"line":39,"column":34}},{"start":{"line":39,"column":34},"end":{"line":39,"column":null}}]},"3":{"loc":{"start":{"line":53,"column":8},"end":{"line":53,"column":null}},"type":"binary-expr","locations":[{"start":{"line":53,"column":8},"end":{"line":53,"column":34}},{"start":{"line":53,"column":34},"end":{"line":53,"column":null}}]}},"s":{"0":3,"1":2,"2":2,"3":1,"4":2,"5":3,"6":0,"7":3,"8":0},"f":{"0":2,"1":0,"2":0},"b":{"0":[1,1],"1":[2,2,2],"2":[0,0],"3":[0,0]}}
,"C:/Users/loic_/OneDrive/Documents/Web dev/Opc React/OPC_REACT_P14/hrnet-react/src/utils/states.ts": {"path":"C:/Users/loic_/OneDrive/Documents/Web dev/Opc React/OPC_REACT_P14/hrnet-react/src/utils/states.ts","statementMap":{"0":{"start":{"line":7,"column":22},"end":{"line":58,"column":null}}},"fnMap":{},"branchMap":{},"s":{"0":2},"f":{},"b":{}}
}
